<?xml version="1.0" encoding="UTF-8"?>
<!-- Generated by org.testng.reporters.JUnitXMLReporter -->
<testsuite ignored="0" hostname="DESKTOP-0OH831K" failures="0" tests="5" name="Default test" time="36.158" errors="0" timestamp="2025-05-11T11:37:34 EET">
  <testcase classname="independentarabia.independentarabia.TC001openApp" name="TC001AppLaunch" time="5.564"/>
  <testcase classname="independentarabia.independentarabia.TC001openApp" name="TC002Login" time="12.759"/>
  <testcase classname="independentarabia.independentarabia.TC001openApp" name="TC003_OpenPolicyTab_And_ClickNext" time="2.248"/>
  <testcase classname="independentarabia.independentarabia.TC001openApp" name="TC004clickNextButton" time="0.146"/>
  <testcase classname="independentarabia.independentarabia.TC001openApp" name="TC005denyPermissionPopup" time="3.178"/>
</testsuite> <!-- Default test -->
