<?xml version="1.0" encoding="UTF-8"?>
<!-- Generated by org.testng.reporters.JUnitXMLReporter -->
<testsuite ignored="0" hostname="DESKTOP-0OH831K" failures="0" tests="5" name="Default test" time="51.456" errors="0" timestamp="2025-05-12T10:02:28 EET">
  <testcase classname="independentarabia.independentarabia.TC001openApp" name="TC001AppLaunch" time="5.923"/>
  <testcase classname="independentarabia.independentarabia.TC001openApp" name="TC002Login" time="12.548"/>
  <testcase classname="independentarabia.independentarabia.TC001openApp" name="TC003_OpenPolicyTab_And_ClickNext" time="2.68"/>
  <testcase classname="independentarabia.independentarabia.TC001openApp" name="TC004clickNextButton" time="0.182"/>
  <testcase classname="independentarabia.independentarabia.TC001openApp" name="TC005denyPermissionPopup" time="2.39"/>
</testsuite> <!-- Default test -->
