<?xml version="1.0" encoding="UTF-8"?>
<testng-results ignored="0" total="5" passed="5" failed="0" skipped="0">
  <reporter-output>
  </reporter-output>
  <suite started-at="2025-05-12T10:01:36 EET" name="Default suite" finished-at="2025-05-12T10:02:28 EET" duration-ms="51456">
    <groups>
    </groups>
    <test started-at="2025-05-12T10:01:36 EET" name="Default test" finished-at="2025-05-12T10:02:28 EET" duration-ms="51456">
      <class name="independentarabia.independentarabia.TC001openApp">
        <test-method is-config="true" signature="setUp()[pri:0, instance:independentarabia.independentarabia.TC001openApp@77847718]" started-at="2025-05-12T10:01:36 EET" name="setUp" finished-at="2025-05-12T10:02:01 EET" duration-ms="24681" status="PASS">
          <reporter-output>
          </reporter-output>
        </test-method> <!-- setUp -->
        <test-method signature="TC001AppLaunch()[pri:1, instance:independentarabia.independentarabia.TC001openApp@77847718]" started-at="2025-05-12T10:02:01 EET" name="TC001AppLaunch" finished-at="2025-05-12T10:02:07 EET" duration-ms="5923" status="PASS">
          <reporter-output>
          </reporter-output>
        </test-method> <!-- TC001AppLaunch -->
        <test-method is-config="true" signature="takeScreenshotAfterEachTest1(org.testng.ITestResult)[pri:0, instance:independentarabia.independentarabia.TC001openApp@77847718]" started-at="2025-05-12T10:02:07 EET" name="takeScreenshotAfterEachTest1" finished-at="2025-05-12T10:02:07 EET" duration-ms="634" status="PASS">
          <params>
            <param index="0">
              <value>
                <![CDATA[[TestResult name=TC001AppLaunch status=SUCCESS method=TC001openApp.TC001AppLaunch()[pri:1, instance:independentarabia.independentarabia.TC001openApp@77847718] output={null}]]]>
              </value>
            </param>
          </params>
          <reporter-output>
          </reporter-output>
        </test-method> <!-- takeScreenshotAfterEachTest1 -->
        <test-method signature="TC002Login()[pri:2, instance:independentarabia.independentarabia.TC001openApp@77847718]" started-at="2025-05-12T10:02:07 EET" name="TC002Login" finished-at="2025-05-12T10:02:20 EET" duration-ms="12548" status="PASS">
          <reporter-output>
          </reporter-output>
        </test-method> <!-- TC002Login -->
        <test-method is-config="true" signature="takeScreenshotAfterEachTest1(org.testng.ITestResult)[pri:0, instance:independentarabia.independentarabia.TC001openApp@77847718]" started-at="2025-05-12T10:02:20 EET" name="takeScreenshotAfterEachTest1" finished-at="2025-05-12T10:02:20 EET" duration-ms="400" status="PASS">
          <params>
            <param index="0">
              <value>
                <![CDATA[[TestResult name=TC002Login status=SUCCESS method=TC001openApp.TC002Login()[pri:2, instance:independentarabia.independentarabia.TC001openApp@77847718] output={null}]]]>
              </value>
            </param>
          </params>
          <reporter-output>
          </reporter-output>
        </test-method> <!-- takeScreenshotAfterEachTest1 -->
        <test-method signature="TC003_OpenPolicyTab_And_ClickNext()[pri:3, instance:independentarabia.independentarabia.TC001openApp@77847718]" started-at="2025-05-12T10:02:20 EET" name="TC003_OpenPolicyTab_And_ClickNext" finished-at="2025-05-12T10:02:23 EET" duration-ms="2680" status="PASS">
          <reporter-output>
          </reporter-output>
        </test-method> <!-- TC003_OpenPolicyTab_And_ClickNext -->
        <test-method is-config="true" signature="takeScreenshotAfterEachTest1(org.testng.ITestResult)[pri:0, instance:independentarabia.independentarabia.TC001openApp@77847718]" started-at="2025-05-12T10:02:23 EET" name="takeScreenshotAfterEachTest1" finished-at="2025-05-12T10:02:24 EET" duration-ms="501" status="PASS">
          <params>
            <param index="0">
              <value>
                <![CDATA[[TestResult name=TC003_OpenPolicyTab_And_ClickNext status=SUCCESS method=TC001openApp.TC003_OpenPolicyTab_And_ClickNext()[pri:3, instance:independentarabia.independentarabia.TC001openApp@77847718] output={null}]]]>
              </value>
            </param>
          </params>
          <reporter-output>
          </reporter-output>
        </test-method> <!-- takeScreenshotAfterEachTest1 -->
        <test-method signature="TC004clickNextButton()[pri:4, instance:independentarabia.independentarabia.TC001openApp@77847718]" started-at="2025-05-12T10:02:24 EET" name="TC004clickNextButton" finished-at="2025-05-12T10:02:24 EET" duration-ms="182" status="PASS">
          <reporter-output>
          </reporter-output>
        </test-method> <!-- TC004clickNextButton -->
        <test-method is-config="true" signature="takeScreenshotAfterEachTest1(org.testng.ITestResult)[pri:0, instance:independentarabia.independentarabia.TC001openApp@77847718]" started-at="2025-05-12T10:02:24 EET" name="takeScreenshotAfterEachTest1" finished-at="2025-05-12T10:02:24 EET" duration-ms="635" status="PASS">
          <params>
            <param index="0">
              <value>
                <![CDATA[[TestResult name=TC004clickNextButton status=SUCCESS method=TC001openApp.TC004clickNextButton()[pri:4, instance:independentarabia.independentarabia.TC001openApp@77847718] output={null}]]]>
              </value>
            </param>
          </params>
          <reporter-output>
          </reporter-output>
        </test-method> <!-- takeScreenshotAfterEachTest1 -->
        <test-method signature="TC005denyPermissionPopup()[pri:5, instance:independentarabia.independentarabia.TC001openApp@77847718]" started-at="2025-05-12T10:02:24 EET" name="TC005denyPermissionPopup" finished-at="2025-05-12T10:02:27 EET" duration-ms="2390" status="PASS">
          <reporter-output>
          </reporter-output>
        </test-method> <!-- TC005denyPermissionPopup -->
        <test-method is-config="true" signature="takeScreenshotAfterEachTest1(org.testng.ITestResult)[pri:0, instance:independentarabia.independentarabia.TC001openApp@77847718]" started-at="2025-05-12T10:02:27 EET" name="takeScreenshotAfterEachTest1" finished-at="2025-05-12T10:02:28 EET" duration-ms="799" status="PASS">
          <params>
            <param index="0">
              <value>
                <![CDATA[[TestResult name=TC005denyPermissionPopup status=SUCCESS method=TC001openApp.TC005denyPermissionPopup()[pri:5, instance:independentarabia.independentarabia.TC001openApp@77847718] output={null}]]]>
              </value>
            </param>
          </params>
          <reporter-output>
          </reporter-output>
        </test-method> <!-- takeScreenshotAfterEachTest1 -->
      </class> <!-- independentarabia.independentarabia.TC001openApp -->
    </test> <!-- Default test -->
  </suite> <!-- Default suite -->
</testng-results>
